DEBUG 2026-02-24 12:20:14.480 UTC: 	 CRAB Client version: v3.251020
DEBUG 2026-02-24 12:20:14.480 UTC: 	 Running on: Linux m11.iihe.ac.be 6.18.5-1.el9.elrepo.x86_64 #1 SMP PREEMPT_DYNAMIC Sun Jan 11 13:54:34 EST 2026 x86_64 x86_64 x86_64 GNU/Linux
DEBUG 2026-02-24 12:20:14.481 UTC: 	 Not using Singularity
DEBUG 2026-02-24 12:20:14.481 UTC: 	 Operating System: AlmaLinux 9.6 (Sage Margay)
DEBUG 2026-02-24 12:20:14.481 UTC: 	 Executing command: 'status'
DEBUG 2026-02-24 12:20:14.481 UTC: 	 Found CRAB cache file /user/jbierken/.crab3
ERROR 2026-02-24 12:20:14.495 UTC: 	 Error: crab_V0Analyzer/crab_V0Analyzer_Run2024_MiniAOD_sim_DYJetsTo2L_M50 is not a valid CRAB project directory.
ERROR 2026-02-24 12:20:14.495 UTC: 	 Caught ClientException exception
Traceback (most recent call last):
  File "/cvmfs/cms.cern.ch/share/cms/crab-prod/v3.251020.00/bin/crab.py", line 157, in <module>
    client()
  File "/cvmfs/cms.cern.ch/share/cms/crab-prod/v3.251020.00/bin/crab.py", line 135, in __call__
    self.cmd = sub_cmd(self.logger, args[1:])  # the crab command to be executed
  File "/cvmfs/cms.cern.ch/share/cms/crab-prod/v3.251020.00/lib/CRABClient/Commands/status.py", line 50, in __init__
    SubCommand.__init__(self, logger, cmdargs)
  File "/cvmfs/cms.cern.ch/share/cms/crab-prod/v3.251020.00/lib/CRABClient/Commands/SubCommand.py", line 281, in __init__
    SubCommand.validateOptions(self)
  File "/cvmfs/cms.cern.ch/share/cms/crab-prod/v3.251020.00/lib/CRABClient/Commands/SubCommand.py", line 691, in validateOptions
    raise ConfigurationException(msg)
CRABClient.ClientExceptions.ConfigurationException: [91mError[0m: crab_V0Analyzer/crab_V0Analyzer_Run2024_MiniAOD_sim_DYJetsTo2L_M50 is not a valid CRAB project directory.
INFO 2026-02-24 12:20:14.498 UTC: 	 Log file is /ada_mnt/ada/user/jbierken/CMSSW_15_0_17/src/K0sAnalysis/crab.log
